Start testing: Apr 12 18:31 CST
----------------------------------------------------------
1/169 Testing: t_wrapping_ints_cmp
1/169 Test: t_wrapping_ints_cmp
Command: "/home/zhangxinyi/learn-CS/network/cs144/sponge/build/tests/wrapping_integers_cmp"
Directory: /home/zhangxinyi/learn-CS/network/cs144/sponge/build
"t_wrapping_ints_cmp" start time: Apr 12 18:31 CST
Output:
----------------------------------------------------------
<end of output>
Test time =   0.00 sec
----------------------------------------------------------
Test Passed.
"t_wrapping_ints_cmp" end time: Apr 12 18:31 CST
"t_wrapping_ints_cmp" time elapsed: 00:00:00
----------------------------------------------------------

2/169 Testing: t_wrapping_ints_unwrap
2/169 Test: t_wrapping_ints_unwrap
Command: "/home/zhangxinyi/learn-CS/network/cs144/sponge/build/tests/wrapping_integers_unwrap"
Directory: /home/zhangxinyi/learn-CS/network/cs144/sponge/build
"t_wrapping_ints_unwrap" start time: Apr 12 18:31 CST
Output:
----------------------------------------------------------
<end of output>
Test time =   0.00 sec
----------------------------------------------------------
Test Passed.
"t_wrapping_ints_unwrap" end time: Apr 12 18:31 CST
"t_wrapping_ints_unwrap" time elapsed: 00:00:00
----------------------------------------------------------

3/169 Testing: t_wrapping_ints_wrap
3/169 Test: t_wrapping_ints_wrap
Command: "/home/zhangxinyi/learn-CS/network/cs144/sponge/build/tests/wrapping_integers_wrap"
Directory: /home/zhangxinyi/learn-CS/network/cs144/sponge/build
"t_wrapping_ints_wrap" start time: Apr 12 18:31 CST
Output:
----------------------------------------------------------
<end of output>
Test time =   0.00 sec
----------------------------------------------------------
Test Passed.
"t_wrapping_ints_wrap" end time: Apr 12 18:31 CST
"t_wrapping_ints_wrap" time elapsed: 00:00:00
----------------------------------------------------------

4/169 Testing: t_wrapping_ints_roundtrip
4/169 Test: t_wrapping_ints_roundtrip
Command: "/home/zhangxinyi/learn-CS/network/cs144/sponge/build/tests/wrapping_integers_roundtrip"
Directory: /home/zhangxinyi/learn-CS/network/cs144/sponge/build
"t_wrapping_ints_roundtrip" start time: Apr 12 18:31 CST
Output:
----------------------------------------------------------
<end of output>
Test time =   0.09 sec
----------------------------------------------------------
Test Passed.
"t_wrapping_ints_roundtrip" end time: Apr 12 18:31 CST
"t_wrapping_ints_roundtrip" time elapsed: 00:00:00
----------------------------------------------------------

5/169 Testing: t_recv_connect
5/169 Test: t_recv_connect
Command: "/home/zhangxinyi/learn-CS/network/cs144/sponge/build/tests/recv_connect"
Directory: /home/zhangxinyi/learn-CS/network/cs144/sponge/build
"t_recv_connect" start time: Apr 12 18:31 CST
Output:
----------------------------------------------------------
1/n2/n3/n4/n5/n6/n7/n8/n9/n
<end of output>
Test time =   0.00 sec
----------------------------------------------------------
Test Passed.
"t_recv_connect" end time: Apr 12 18:31 CST
"t_recv_connect" time elapsed: 00:00:00
----------------------------------------------------------

6/169 Testing: t_recv_transmit
6/169 Test: t_recv_transmit
Command: "/home/zhangxinyi/learn-CS/network/cs144/sponge/build/tests/recv_transmit"
Directory: /home/zhangxinyi/learn-CS/network/cs144/sponge/build
"t_recv_transmit" start time: Apr 12 18:31 CST
Output:
----------------------------------------------------------
<end of output>
Test time =   0.03 sec
----------------------------------------------------------
Test Passed.
"t_recv_transmit" end time: Apr 12 18:31 CST
"t_recv_transmit" time elapsed: 00:00:00
----------------------------------------------------------

7/169 Testing: t_recv_window
7/169 Test: t_recv_window
Command: "/home/zhangxinyi/learn-CS/network/cs144/sponge/build/tests/recv_window"
Directory: /home/zhangxinyi/learn-CS/network/cs144/sponge/build
"t_recv_window" start time: Apr 12 18:31 CST
Output:
----------------------------------------------------------
<end of output>
Test time =   0.00 sec
----------------------------------------------------------
Test Passed.
"t_recv_window" end time: Apr 12 18:31 CST
"t_recv_window" time elapsed: 00:00:00
----------------------------------------------------------

8/169 Testing: t_recv_reorder
8/169 Test: t_recv_reorder
Command: "/home/zhangxinyi/learn-CS/network/cs144/sponge/build/tests/recv_reorder"
Directory: /home/zhangxinyi/learn-CS/network/cs144/sponge/build
"t_recv_reorder" start time: Apr 12 18:31 CST
Output:
----------------------------------------------------------
<end of output>
Test time =   0.00 sec
----------------------------------------------------------
Test Passed.
"t_recv_reorder" end time: Apr 12 18:31 CST
"t_recv_reorder" time elapsed: 00:00:00
----------------------------------------------------------

9/169 Testing: t_recv_close
9/169 Test: t_recv_close
Command: "/home/zhangxinyi/learn-CS/network/cs144/sponge/build/tests/recv_close"
Directory: /home/zhangxinyi/learn-CS/network/cs144/sponge/build
"t_recv_close" start time: Apr 12 18:31 CST
Output:
----------------------------------------------------------
1
2
3
4
5
6
1
1
1
1
1
1
<end of output>
Test time =   0.00 sec
----------------------------------------------------------
Test Passed.
"t_recv_close" end time: Apr 12 18:31 CST
"t_recv_close" time elapsed: 00:00:00
----------------------------------------------------------

10/169 Testing: t_recv_special
10/169 Test: t_recv_special
Command: "/home/zhangxinyi/learn-CS/network/cs144/sponge/build/tests/recv_special"
Directory: /home/zhangxinyi/learn-CS/network/cs144/sponge/build
"t_recv_special" start time: Apr 12 18:31 CST
Output:
----------------------------------------------------------
1
1
<end of output>
Test time =   0.00 sec
----------------------------------------------------------
Test Passed.
"t_recv_special" end time: Apr 12 18:31 CST
"t_recv_special" time elapsed: 00:00:00
----------------------------------------------------------

11/169 Testing: t_send_connect
11/169 Test: t_send_connect
Command: "/home/zhangxinyi/learn-CS/network/cs144/sponge/build/tests/send_connect"
Directory: /home/zhangxinyi/learn-CS/network/cs144/sponge/build
"t_send_connect" start time: Apr 12 18:31 CST
Output:
----------------------------------------------------------
_time_running:0
timer start
1
2
22
_time_running:0
timer start
11
12
13
14
timer start
timer closing
进入akcreceived
15
16
17
3
_time_running:0
timer start
进入akcreceived
4
_time_running:0
timer start
timer start
timer closing
进入akcreceived
_time_running:0
timer start
_time_running:1
进入判断是否超时的阶段
_time_running:1
time_running:1
time:passed:1
timer start
timer closing
进入akcreceived
<end of output>
Test time =   0.00 sec
----------------------------------------------------------
Test Passed.
"t_send_connect" end time: Apr 12 18:31 CST
"t_send_connect" time elapsed: 00:00:00
----------------------------------------------------------

12/169 Testing: t_send_transmit
12/169 Test: t_send_transmit
Command: "/home/zhangxinyi/learn-CS/network/cs144/sponge/build/tests/send_transmit"
Directory: /home/zhangxinyi/learn-CS/network/cs144/sponge/build
"t_send_transmit" start time: Apr 12 18:31 CST
Output:
----------------------------------------------------------
_time_running:0
timer start
timer start
timer closing
进入akcreceived
_time_running:0
timer start
_time_running:1
_time_running:1
_time_running:0
timer start
timer start
timer closing
进入akcreceived
_time_running:0
timer start
timer start
timer closing
进入akcreceived
_time_running:0
timer start
timer start
timer closing
进入akcreceived
_time_running:0
timer start
timer start
timer closing
进入akcreceived
_time_running:0
timer start
timer start
timer closing
进入akcreceived
_time_running:0
timer start
timer start
timer closing
进入akcreceived
_time_running:0
timer start
timer start
timer closing
进入akcreceived
_time_running:0
timer start
timer start
timer closing
进入akcreceived
_time_running:0
timer start
timer start
timer closing
进入akcreceived
_time_running:0
timer start
timer start
timer closing
进入akcreceived
_time_running:0
timer start
timer start
timer closing
进入akcreceived
_time_running:0
timer start
timer start
timer closing
进入akcreceived
_time_running:0
timer start
timer start
timer closing
进入akcreceived
_time_running:0
timer start
timer start
timer closing
进入akcreceived
_time_running:0
timer start
timer start
timer closing
进入akcreceived
_time_running:0
timer start
timer start
timer closing
进入akcreceived
_time_running:0
timer start
timer start
timer closing
进入akcreceived
_time_running:0
timer start
timer start
timer closing
进入akcreceived
_time_running:0
timer start
timer start
timer closing
进入akcreceived
_time_running:0
timer start
timer start
timer closing
进入akcreceived
_time_running:0
timer start
timer start
timer closing
进入akcreceived
_time_running:0
timer start
timer start
timer closing
进入akcreceived
_time_running:0
timer start
timer start
timer closing
进入akcreceived
_time_running:0
timer start
timer start
timer closing
进入akcreceived
_time_running:0
timer start
timer start
timer closing
进入akcreceived
_time_running:0
timer start
timer start
timer closing
进入akcreceived
_time_running:0
timer start
timer start
timer closing
进入akcreceived
_time_running:0
timer start
timer start
timer closing
进入akcreceived
_time_running:0
timer start
timer start
timer closing
进入akcreceived
_time_running:0
timer start
timer start
timer closing
进入akcreceived
_time_running:0
timer start
timer start
timer closing
进入akcreceived
_time_running:0
timer start
timer start
timer closing
进入akcreceived
_time_running:0
timer start
timer start
timer closing
进入akcreceived
_time_running:0
timer start
timer start
timer closing
进入akcreceived
_time_running:0
timer start
timer start
timer closing
进入akcreceived
_time_running:0
timer start
timer start
timer closing
进入akcreceived
_time_running:0
timer start
timer start
timer closing
进入akcreceived
_time_running:0
timer start
timer start
timer closing
进入akcreceived
_time_running:0
timer start
timer start
timer closing
进入akcreceived
_time_running:0
timer start
timer start
timer closing
进入akcreceived
_time_running:0
timer start
timer start
timer closing
进入akcreceived
_time_running:0
timer start
timer start
timer closing
进入akcreceived
_time_running:0
timer start
timer start
timer closing
进入akcreceived
_time_running:0
timer start
timer start
timer closing
进入akcreceived
_time_running:0
timer start
timer start
timer closing
进入akcreceived
_time_running:0
timer start
timer start
timer closing
进入akcreceived
_time_running:0
timer start
timer start
timer closing
进入akcreceived
_time_running:0
timer start
timer start
timer closing
进入akcreceived
_time_running:0
timer start
timer start
timer closing
进入akcreceived
_time_running:0
timer start
timer start
timer closing
进入akcreceived
_time_running:0
timer start
timer start
timer closing
进入akcreceived
_time_running:0
timer start
timer start
timer closing
进入akcreceived
_time_running:0
timer start
timer start
timer closing
进入akcreceived
_time_running:0
timer start
timer start
timer closing
进入akcreceived
_time_running:0
timer start
timer start
timer closing
进入akcreceived
_time_running:0
timer start
timer start
timer closing
进入akcreceived
_time_running:0
timer start
timer start
timer closing
进入akcreceived
_time_running:0
timer start
timer start
timer closing
进入akcreceived
_time_running:0
timer start
timer start
timer closing
进入akcreceived
_time_running:0
timer start
timer start
timer closing
进入akcreceived
_time_running:0
timer start
timer start
timer closing
进入akcreceived
_time_running:0
timer start
timer start
timer closing
进入akcreceived
_time_running:0
timer start
timer start
timer closing
进入akcreceived
_time_running:0
timer start
timer start
timer closing
进入akcreceived
_time_running:0
timer start
timer start
timer closing
进入akcreceived
_time_running:0
timer start
timer start
timer closing
进入akcreceived
_time_running:0
timer start
timer start
timer closing
进入akcreceived
_time_running:0
timer start
timer start
timer closing
进入akcreceived
_time_running:0
timer start
timer start
timer closing
进入akcreceived
_time_running:0
timer start
timer start
timer closing
进入akcreceived
_time_running:0
timer start
timer start
timer closing
进入akcreceived
_time_running:0
timer start
timer start
timer closing
进入akcreceived
_time_running:0
timer start
timer start
timer closing
进入akcreceived
_time_running:0
timer start
timer start
timer closing
进入akcreceived
_time_running:0
timer start
timer start
timer closing
进入akcreceived
_time_running:0
timer start
timer start
timer closing
进入akcreceived
_time_running:0
timer start
timer start
timer closing
进入akcreceived
_time_running:0
timer start
timer start
timer closing
进入akcreceived
_time_running:0
timer start
timer start
timer closing
进入akcreceived
_time_running:0
timer start
timer start
timer closing
进入akcreceived
_time_running:0
timer start
timer start
timer closing
进入akcreceived
_time_running:0
timer start
timer start
timer closing
进入akcreceived
_time_running:0
timer start
timer start
timer closing
进入akcreceived
_time_running:0
timer start
timer start
timer closing
进入akcreceived
_time_running:0
timer start
timer start
timer closing
进入akcreceived
_time_running:0
timer start
timer start
timer closing
进入akcreceived
_time_running:0
timer start
timer start
timer closing
进入akcreceived
_time_running:0
timer start
timer start
timer closing
进入akcreceived
_time_running:0
timer start
timer start
timer closing
进入akcreceived
_time_running:0
timer start
timer start
timer closing
进入akcreceived
_time_running:0
timer start
timer start
timer closing
进入akcreceived
_time_running:0
timer start
timer start
timer closing
进入akcreceived
_time_running:0
timer start
timer start
timer closing
进入akcreceived
_time_running:0
timer start
timer start
timer closing
进入akcreceived
_time_running:0
timer start
timer start
timer closing
进入akcreceived
_time_running:0
timer start
timer start
timer closing
进入akcreceived
_time_running:0
timer start
timer start
timer closing
进入akcreceived
_time_running:0
timer start
timer start
timer closing
进入akcreceived
_time_running:0
timer start
timer start
timer closing
进入akcreceived
_time_running:0
timer start
timer start
timer closing
进入akcreceived
_time_running:0
timer start
timer start
timer closing
进入akcreceived
_time_running:0
timer start
timer start
timer closing
进入akcreceived
_time_running:0
timer start
timer start
timer closing
进入akcreceived
_time_running:0
timer start
timer start
timer closing
进入akcreceived
_time_running:0
timer start
timer start
timer closing
进入akcreceived
_time_running:0
timer start
timer start
timer closing
进入akcreceived
_time_running:0
timer start
timer start
timer closing
进入akcreceived
_time_running:0
timer start
timer start
timer closing
进入akcreceived
_time_running:0
timer start
timer start
timer closing
进入akcreceived
_time_running:0
timer start
timer start
timer closing
进入akcreceived
_time_running:0
timer start
timer start
timer closing
进入akcreceived
_time_running:0
timer start
timer start
timer closing
进入akcreceived
_time_running:0
timer start
timer start
timer closing
进入akcreceived
_time_running:0
timer start
timer start
timer closing
进入akcreceived
_time_running:0
timer start
timer start
timer closing
进入akcreceived
_time_running:0
timer start
timer start
timer closing
进入akcreceived
_time_running:0
timer start
timer start
timer closing
进入akcreceived
_time_running:0
timer start
timer start
timer closing
进入akcreceived
_time_running:0
timer start
timer start
timer closing
进入akcreceived
_time_running:0
timer start
timer start
timer closing
进入akcreceived
_time_running:0
timer start
timer start
timer closing
进入akcreceived
_time_running:0
timer start
timer start
timer closing
进入akcreceived
_time_running:0
timer start
timer start
timer closing
进入akcreceived
_time_running:0
timer start
timer start
timer closing
进入akcreceived
_time_running:0
timer start
timer start
timer closing
进入akcreceived
_time_running:0
timer start
timer start
timer closing
进入akcreceived
_time_running:0
timer start
timer start
timer closing
进入akcreceived
_time_running:0
timer start
timer start
timer closing
进入akcreceived
_time_running:0
timer start
timer start
timer closing
进入akcreceived
_time_running:0
timer start
timer start
timer closing
进入akcreceived
_time_running:0
timer start
timer start
timer closing
进入akcreceived
_time_running:0
timer start
timer start
timer closing
进入akcreceived
_time_running:0
timer start
timer start
timer closing
进入akcreceived
_time_running:0
timer start
timer start
timer closing
进入akcreceived
_time_running:0
timer start
timer start
timer closing
进入akcreceived
_time_running:0
timer start
timer start
timer closing
进入akcreceived
_time_running:0
timer start
timer start
timer closing
进入akcreceived
_time_running:0
timer start
timer start
timer closing
进入akcreceived
_time_running:0
timer start
timer start
timer closing
进入akcreceived
_time_running:0
timer start
timer start
timer closing
进入akcreceived
_time_running:0
timer start
timer start
timer closing
进入akcreceived
_time_running:0
timer start
timer start
timer closing
进入akcreceived
_time_running:0
timer start
timer start
timer closing
进入akcreceived
_time_running:0
timer start
timer start
timer closing
进入akcreceived
_time_running:0
timer start
timer start
timer closing
进入akcreceived
_time_running:0
timer start
timer start
timer closing
进入akcreceived
_time_running:0
timer start
timer start
timer closing
进入akcreceived
_time_running:0
timer start
timer start
timer closing
进入akcreceived
_time_running:0
timer start
timer start
timer closing
进入akcreceived
_time_running:0
timer start
timer start
timer closing
进入akcreceived
_time_running:0
timer start
timer start
timer closing
进入akcreceived
_time_running:0
timer start
timer start
timer closing
进入akcreceived
_time_running:0
timer start
timer start
timer closing
进入akcreceived
_time_running:0
timer start
timer start
timer closing
进入akcreceived
_time_running:0
timer start
timer start
timer closing
进入akcreceived
_time_running:0
timer start
timer start
timer closing
进入akcreceived
_time_running:0
timer start
timer start
timer closing
进入akcreceived
_time_running:0
timer start
timer start
timer closing
进入akcreceived
_time_running:0
timer start
timer start
timer closing
进入akcreceived
_time_running:0
timer start
timer start
timer closing
进入akcreceived
_time_running:0
timer start
timer start
timer closing
进入akcreceived
_time_running:0
timer start
timer start
timer closing
进入akcreceived
_time_running:0
timer start
timer start
timer closing
进入akcreceived
_time_running:0
timer start
timer start
timer closing
进入akcreceived
_time_running:0
timer start
timer start
timer closing
进入akcreceived
_time_running:0
timer start
timer start
timer closing
进入akcreceived
_time_running:0
timer start
timer start
timer closing
进入akcreceived
_time_running:0
timer start
timer start
timer closing
进入akcreceived
_time_running:0
timer start
timer start
timer closing
进入akcreceived
_time_running:0
timer start
timer start
timer closing
进入akcreceived
_time_running:0
timer start
timer start
timer closing
进入akcreceived
_time_running:0
timer start
timer start
timer closing
进入akcreceived
_time_running:0
timer start
timer start
timer closing
进入akcreceived
_time_running:0
timer start
timer start
timer closing
进入akcreceived
_time_running:0
timer start
timer start
timer closing
进入akcreceived
_time_running:0
timer start
timer start
timer closing
进入akcreceived
_time_running:0
timer start
timer start
timer closing
进入akcreceived
_time_running:0
timer start
timer start
timer closing
进入akcreceived
_time_running:0
timer start
timer start
timer closing
进入akcreceived
_time_running:0
timer start
timer start
timer closing
进入akcreceived
_time_running:0
timer start
timer start
timer closing
进入akcreceived
_time_running:0
timer start
timer start
timer closing
进入akcreceived
_time_running:0
timer start
timer start
timer closing
进入akcreceived
_time_running:0
timer start
timer start
timer closing
进入akcreceived
_time_running:0
timer start
timer start
timer closing
进入akcreceived
_time_running:0
timer start
timer start
timer closing
进入akcreceived
_time_running:0
timer start
timer start
timer closing
进入akcreceived
_time_running:0
timer start
timer start
timer closing
进入akcreceived
_time_running:0
timer start
timer start
timer closing
进入akcreceived
_time_running:0
timer start
timer start
timer closing
进入akcreceived
_time_running:0
timer start
timer start
timer closing
进入akcreceived
_time_running:0
timer start
timer start
timer closing
进入akcreceived
_time_running:0
timer start
timer start
timer closing
进入akcreceived
_time_running:0
timer start
timer start
timer closing
进入akcreceived
_time_running:0
timer start
timer start
timer closing
进入akcreceived
_time_running:0
timer start
timer start
timer closing
进入akcreceived
_time_running:0
timer start
timer start
timer closing
进入akcreceived
_time_running:0
timer start
timer start
timer closing
进入akcreceived
_time_running:0
timer start
timer start
timer closing
进入akcreceived
_time_running:0
timer start
timer start
timer closing
进入akcreceived
_time_running:0
timer start
timer start
timer closing
进入akcreceived
_time_running:0
timer start
timer start
timer closing
进入akcreceived
_time_running:0
timer start
timer start
timer closing
进入akcreceived
_time_running:0
timer start
timer start
timer closing
进入akcreceived
_time_running:0
timer start
timer start
timer closing
进入akcreceived
_time_running:0
timer start
timer start
timer closing
进入akcreceived
_time_running:0
timer start
timer start
timer closing
进入akcreceived
_time_running:0
timer start
timer start
timer closing
进入akcreceived
_time_running:0
timer start
timer start
timer closing
进入akcreceived
_time_running:0
timer start
timer start
timer closing
进入akcreceived
_time_running:0
timer start
timer start
timer closing
进入akcreceived
_time_running:0
timer start
timer start
timer closing
进入akcreceived
_time_running:0
timer start
timer start
timer closing
进入akcreceived
_time_running:0
timer start
timer start
timer closing
进入akcreceived
_time_running:0
timer start
timer start
timer closing
进入akcreceived
_time_running:0
timer start
timer start
timer closing
进入akcreceived
_time_running:0
timer start
timer start
timer closing
进入akcreceived
_time_running:0
timer start
timer start
timer closing
进入akcreceived
_time_running:0
timer start
timer start
timer closing
进入akcreceived
_time_running:0
timer start
timer start
timer closing
进入akcreceived
_time_running:0
timer start
timer start
timer closing
进入akcreceived
_time_running:0
timer start
timer start
timer closing
进入akcreceived
_time_running:0
timer start
timer start
timer closing
进入akcreceived
_time_running:0
timer start
timer start
timer closing
进入akcreceived
_time_running:0
timer start
timer start
timer closing
进入akcreceived
_time_running:0
timer start
timer start
timer closing
进入akcreceived
_time_running:0
timer start
timer start
timer closing
进入akcreceived
_time_running:0
timer start
timer start
timer closing
进入akcreceived
_time_running:0
timer start
timer start
timer closing
进入akcreceived
_time_running:0
timer start
timer start
timer closing
进入akcreceived
_time_running:0
timer start
timer start
timer closing
进入akcreceived
_time_running:0
timer start
timer start
timer closing
进入akcreceived
_time_running:0
timer start
timer start
timer closing
进入akcreceived
_time_running:0
timer start
timer start
timer closing
进入akcreceived
_time_running:0
timer start
timer start
timer closing
进入akcreceived
_time_running:0
timer start
timer start
timer closing
进入akcreceived
_time_running:0
timer start
timer start
timer closing
进入akcreceived
_time_running:0
timer start
timer start
timer closing
进入akcreceived
_time_running:0
timer start
timer start
timer closing
进入akcreceived
_time_running:0
timer start
timer start
timer closing
进入akcreceived
_time_running:0
timer start
timer start
timer closing
进入akcreceived
_time_running:0
timer start
timer start
timer closing
进入akcreceived
_time_running:0
timer start
timer start
timer closing
进入akcreceived
_time_running:0
timer start
timer start
timer closing
进入akcreceived
_time_running:0
timer start
timer start
timer closing
进入akcreceived
_time_running:0
timer start
timer start
timer closing
进入akcreceived
_time_running:0
timer start
timer start
timer closing
进入akcreceived
_time_running:0
timer start
timer start
timer closing
进入akcreceived
_time_running:0
timer start
timer start
timer closing
进入akcreceived
_time_running:0
timer start
timer start
timer closing
进入akcreceived
_time_running:0
timer start
timer start
timer closing
进入akcreceived
_time_running:0
timer start
timer start
timer closing
进入akcreceived
_time_running:0
timer start
timer start
timer closing
进入akcreceived
_time_running:0
timer start
timer start
timer closing
进入akcreceived
_time_running:0
timer start
timer start
timer closing
进入akcreceived
_time_running:0
timer start
timer start
timer closing
进入akcreceived
_time_running:0
timer start
timer start
timer closing
进入akcreceived
_time_running:0
timer start
timer start
timer closing
进入akcreceived
_time_running:0
timer start
timer start
timer closing
进入akcreceived
_time_running:0
timer start
timer start
timer closing
进入akcreceived
_time_running:0
timer start
timer start
timer closing
进入akcreceived
_time_running:0
timer start
timer start
timer closing
进入akcreceived
_time_running:0
timer start
timer start
timer closing
进入akcreceived
_time_running:0
timer start
timer start
timer closing
进入akcreceived
_time_running:0
timer start
timer start
timer closing
进入akcreceived
_time_running:0
timer start
timer start
timer closing
进入akcreceived
_time_running:0
timer start
timer start
timer closing
进入akcreceived
_time_running:0
timer start
timer start
timer closing
进入akcreceived
_time_running:0
timer start
timer start
timer closing
进入akcreceived
_time_running:0
timer start
timer start
timer closing
进入akcreceived
_time_running:0
timer start
timer start
timer closing
进入akcreceived
_time_running:0
timer start
timer start
timer closing
进入akcreceived
_time_running:0
timer start
timer start
timer closing
进入akcreceived
_time_running:0
timer start
timer start
timer closing
进入akcreceived
_time_running:0
timer start
timer start
timer closing
进入akcreceived
_time_running:0
timer start
timer start
timer closing
进入akcreceived
_time_running:0
timer start
timer start
timer closing
进入akcreceived
_time_running:0
timer start
timer start
timer closing
进入akcreceived
_time_running:0
timer start
timer start
timer closing
进入akcreceived
_time_running:0
timer start
timer start
timer closing
进入akcreceived
_time_running:0
timer start
timer start
timer closing
进入akcreceived
_time_running:0
timer start
timer start
timer closing
进入akcreceived
_time_running:0
timer start
timer start
timer closing
进入akcreceived
_time_running:0
timer start
timer start
timer closing
进入akcreceived
_time_running:0
timer start
timer start
timer closing
进入akcreceived
_time_running:0
timer start
timer start
timer closing
进入akcreceived
_time_running:0
timer start
timer start
timer closing
进入akcreceived
_time_running:0
timer start
timer start
timer closing
进入akcreceived
_time_running:0
timer start
timer start
timer closing
进入akcreceived
_time_running:0
timer start
timer start
timer closing
进入akcreceived
_time_running:0
timer start
timer start
timer closing
进入akcreceived
_time_running:0
timer start
timer start
timer closing
进入akcreceived
_time_running:0
timer start
timer start
timer closing
进入akcreceived
_time_running:0
timer start
timer start
timer closing
进入akcreceived
_time_running:0
timer start
timer start
timer closing
进入akcreceived
_time_running:0
timer start
timer start
timer closing
进入akcreceived
_time_running:0
timer start
timer start
timer closing
进入akcreceived
_time_running:0
timer start
timer start
timer closing
进入akcreceived
_time_running:0
timer start
timer start
timer closing
进入akcreceived
_time_running:0
timer start
timer start
timer closing
进入akcreceived
_time_running:0
timer start
timer start
timer closing
进入akcreceived
_time_running:0
timer start
timer start
timer closing
进入akcreceived
_time_running:0
timer start
timer start
timer closing
进入akcreceived
_time_running:0
timer start
timer start
timer closing
进入akcreceived
_time_running:0
timer start
timer start
timer closing
进入akcreceived
_time_running:0
timer start
timer start
timer closing
进入akcreceived
_time_running:0
timer start
timer start
timer closing
进入akcreceived
_time_running:0
timer start
timer start
timer closing
进入akcreceived
_time_running:0
timer start
timer start
timer closing
进入akcreceived
_time_running:0
timer start
timer start
timer closing
进入akcreceived
_time_running:0
timer start
timer start
timer closing
进入akcreceived
_time_running:0
timer start
timer start
timer closing
进入akcreceived
_time_running:0
timer start
timer start
timer closing
进入akcreceived
_time_running:0
timer start
timer start
timer closing
进入akcreceived
_time_running:0
timer start
timer start
timer closing
进入akcreceived
_time_running:0
timer start
timer start
timer closing
进入akcreceived
_time_running:0
timer start
timer start
timer closing
进入akcreceived
_time_running:0
timer start
timer start
timer closing
进入akcreceived
_time_running:0
timer start
timer start
timer closing
进入akcreceived
_time_running:0
timer start
timer start
timer closing
进入akcreceived
_time_running:0
timer start
timer start
timer closing
进入akcreceived
_time_running:0
timer start
timer start
timer closing
进入akcreceived
_time_running:0
timer start
timer start
timer closing
进入akcreceived
_time_running:0
timer start
timer start
timer closing
进入akcreceived
_time_running:0
timer start
timer start
timer closing
进入akcreceived
_time_running:0
timer start
timer start
timer closing
进入akcreceived
_time_running:0
timer start
timer start
timer closing
进入akcreceived
_time_running:0
timer start
timer start
timer closing
进入akcreceived
_time_running:0
timer start
timer start
timer closing
进入akcreceived
_time_running:0
timer start
timer start
timer closing
进入akcreceived
_time_running:0
timer start
timer start
timer closing
进入akcreceived
_time_running:0
timer start
timer start
timer closing
进入akcreceived
_time_running:0
timer start
timer start
timer closing
进入akcreceived
_time_running:0
timer start
timer start
timer closing
进入akcreceived
_time_running:0
timer start
timer start
timer closing
进入akcreceived
_time_running:0
timer start
timer start
timer closing
进入akcreceived
_time_running:0
timer start
timer start
timer closing
进入akcreceived
_time_running:0
timer start
timer start
timer closing
进入akcreceived
_time_running:0
timer start
timer start
timer closing
进入akcreceived
_time_running:0
timer start
timer start
timer closing
进入akcreceived
_time_running:0
timer start
timer start
timer closing
进入akcreceived
_time_running:0
timer start
timer start
timer closing
进入akcreceived
_time_running:0
timer start
timer start
timer closing
进入akcreceived
_time_running:0
timer start
timer start
timer closing
进入akcreceived
_time_running:0
timer start
timer start
timer closing
进入akcreceived
_time_running:0
timer start
timer start
timer closing
进入akcreceived
_time_running:0
timer start
timer start
timer closing
进入akcreceived
_time_running:0
timer start
timer start
timer closing
进入akcreceived
_time_running:0
timer start
timer start
timer closing
进入akcreceived
_time_running:0
timer start
timer start
timer closing
进入akcreceived
_time_running:0
timer start
timer start
timer closing
进入akcreceived
_time_running:0
timer start
timer start
timer closing
进入akcreceived
_time_running:0
timer start
timer start
timer closing
进入akcreceived
_time_running:0
timer start
timer start
timer closing
进入akcreceived
_time_running:0
timer start
timer start
timer closing
进入akcreceived
_time_running:0
timer start
timer start
timer closing
进入akcreceived
_time_running:0
timer start
timer start
timer closing
进入akcreceived
_time_running:0
timer start
timer start
timer closing
进入akcreceived
_time_running:0
timer start
timer start
timer closing
进入akcreceived
_time_running:0
timer start
timer start
timer closing
进入akcreceived
_time_running:0
timer start
timer start
timer closing
进入akcreceived
_time_running:0
timer start
timer start
timer closing
进入akcreceived
_time_running:0
timer start
timer start
timer closing
进入akcreceived
_time_running:0
timer start
timer start
timer closing
进入akcreceived
_time_running:0
timer start
timer start
timer closing
进入akcreceived
_time_running:0
timer start
timer start
timer closing
进入akcreceived
_time_running:0
timer start
timer start
timer closing
进入akcreceived
_time_running:0
timer start
timer start
timer closing
进入akcreceived
_time_running:0
timer start
timer start
timer closing
进入akcreceived
_time_running:0
timer start
timer start
timer closing
进入akcreceived
_time_running:0
timer start
timer start
timer closing
进入akcreceived
_time_running:0
timer start
timer start
timer closing
进入akcreceived
_time_running:0
timer start
timer start
timer closing
进入akcreceived
_time_running:0
timer start
timer start
timer closing
进入akcreceived
_time_running:0
timer start
timer start
timer closing
进入akcreceived
_time_running:0
timer start
timer start
timer closing
进入akcreceived
_time_running:0
timer start
timer start
timer closing
进入akcreceived
_time_running:0
timer start
timer start
timer closing
进入akcreceived
_time_running:0
timer start
timer start
timer closing
进入akcreceived
_time_running:0
timer start
timer start
timer closing
进入akcreceived
_time_running:0
timer start
timer start
timer closing
进入akcreceived
_time_running:0
timer start
timer start
timer closing
进入akcreceived
_time_running:0
timer start
timer start
timer closing
进入akcreceived
_time_running:0
timer start
timer start
timer closing
进入akcreceived
_time_running:0
timer start
timer start
timer closing
进入akcreceived
_time_running:0
timer start
timer start
timer closing
进入akcreceived
_time_running:0
timer start
timer start
timer closing
进入akcreceived
_time_running:0
timer start
timer start
timer closing
进入akcreceived
_time_running:0
timer start
timer start
timer closing
进入akcreceived
_time_running:0
timer start
timer start
timer closing
进入akcreceived
_time_running:0
timer start
timer start
timer closing
进入akcreceived
_time_running:0
timer start
timer start
timer closing
进入akcreceived
_time_running:0
timer start
timer start
timer closing
进入akcreceived
_time_running:0
timer start
timer start
timer closing
进入akcreceived
_time_running:0
timer start
timer start
timer closing
进入akcreceived
_time_running:0
timer start
timer start
timer closing
进入akcreceived
_time_running:0
timer start
timer start
timer closing
进入akcreceived
_time_running:0
timer start
timer start
timer closing
进入akcreceived
_time_running:0
timer start
timer start
timer closing
进入akcreceived
_time_running:0
timer start
timer start
timer closing
进入akcreceived
_time_running:0
timer start
timer start
timer closing
进入akcreceived
_time_running:0
timer start
timer start
timer closing
进入akcreceived
_time_running:0
timer start
timer start
timer closing
进入akcreceived
_time_running:0
timer start
timer start
timer closing
进入akcreceived
_time_running:0
timer start
timer start
timer closing
进入akcreceived
_time_running:0
timer start
timer start
timer closing
进入akcreceived
_time_running:0
timer start
timer start
timer closing
进入akcreceived
_time_running:0
timer start
timer start
timer closing
进入akcreceived
_time_running:0
timer start
timer start
timer closing
进入akcreceived
_time_running:0
timer start
timer start
timer closing
进入akcreceived
_time_running:0
timer start
timer start
timer closing
进入akcreceived
_time_running:0
timer start
timer start
timer closing
进入akcreceived
_time_running:0
timer start
timer start
timer closing
进入akcreceived
_time_running:0
timer start
timer start
timer closing
进入akcreceived
_time_running:0
timer start
timer start
timer closing
进入akcreceived
_time_running:0
timer start
timer start
timer closing
进入akcreceived
_time_running:0
timer start
timer start
timer closing
进入akcreceived
_time_running:0
timer start
timer start
timer closing
进入akcreceived
_time_running:0
timer start
timer start
timer closing
进入akcreceived
_time_running:0
timer start
timer start
timer closing
进入akcreceived
_time_running:0
timer start
timer start
timer closing
进入akcreceived
_time_running:0
timer start
timer start
timer closing
进入akcreceived
_time_running:0
timer start
timer start
timer closing
进入akcreceived
_time_running:0
timer start
timer start
timer closing
进入akcreceived
_time_running:0
timer start
timer start
timer closing
进入akcreceived
_time_running:0
timer start
timer start
timer closing
进入akcreceived
_time_running:0
timer start
timer start
timer closing
进入akcreceived
_time_running:0
timer start
timer start
timer closing
进入akcreceived
_time_running:0
timer start
timer start
timer closing
进入akcreceived
_time_running:0
timer start
timer start
timer closing
进入akcreceived
_time_running:0
timer start
timer start
timer closing
进入akcreceived
_time_running:0
timer start
timer start
timer closing
进入akcreceived
_time_running:0
timer start
timer start
timer closing
进入akcreceived
_time_running:0
timer start
timer start
timer closing
进入akcreceived
_time_running:0
timer start
timer start
timer closing
进入akcreceived
_time_running:0
timer start
timer start
timer closing
进入akcreceived
_time_running:0
timer start
timer start
timer closing
进入akcreceived
_time_running:0
timer start
timer start
timer closing
进入akcreceived
_time_running:0
timer start
timer start
timer closing
进入akcreceived
_time_running:0
timer start
timer start
timer closing
进入akcreceived
_time_running:0
timer start
timer start
timer closing
进入akcreceived
_time_running:0
timer start
timer start
timer closing
进入akcreceived
_time_running:0
timer start
timer start
timer closing
进入akcreceived
_time_running:0
timer start
timer start
timer closing
进入akcreceived
_time_running:0
timer start
timer start
timer closing
进入akcreceived
_time_running:0
timer start
timer start
timer closing
进入akcreceived
_time_running:0
timer start
timer start
timer closing
进入akcreceived
_time_running:0
timer start
timer start
timer closing
进入akcreceived
_time_running:0
timer start
timer start
timer closing
进入akcreceived
_time_running:0
timer start
timer start
timer closing
进入akcreceived
_time_running:0
timer start
timer start
timer closing
进入akcreceived
_time_running:0
timer start
timer start
timer closing
进入akcreceived
_time_running:0
timer start
timer start
timer closing
进入akcreceived
_time_running:0
timer start
timer start
timer closing
进入akcreceived
_time_running:0
timer start
timer start
timer closing
进入akcreceived
_time_running:0
timer start
timer start
timer closing
进入akcreceived
_time_running:0
timer start
timer start
timer closing
进入akcreceived
_time_running:0
timer start
timer start
timer closing
进入akcreceived
_time_running:0
timer start
timer start
timer closing
进入akcreceived
_time_running:0
timer start
timer start
timer closing
进入akcreceived
_time_running:0
timer start
timer start
timer closing
进入akcreceived
_time_running:0
timer start
timer start
timer closing
进入akcreceived
_time_running:0
timer start
timer start
timer closing
进入akcreceived
_time_running:0
timer start
timer start
timer closing
进入akcreceived
_time_running:0
timer start
timer start
timer closing
进入akcreceived
_time_running:0
timer start
timer start
timer closing
进入akcreceived
_time_running:0
timer start
timer start
timer closing
进入akcreceived
_time_running:0
timer start
timer start
timer closing
进入akcreceived
_time_running:0
timer start
timer start
timer closing
进入akcreceived
_time_running:0
timer start
timer start
timer closing
进入akcreceived
_time_running:0
timer start
timer start
timer closing
进入akcreceived
_time_running:0
timer start
timer start
timer closing
进入akcreceived
_time_running:0
timer start
timer start
timer closing
进入akcreceived
_time_running:0
timer start
timer start
timer closing
进入akcreceived
_time_running:0
timer start
timer start
timer closing
进入akcreceived
_time_running:0
timer start
timer start
timer closing
进入akcreceived
_time_running:0
timer start
timer start
timer closing
进入akcreceived
_time_running:0
timer start
timer start
timer closing
进入akcreceived
_time_running:0
timer start
timer start
timer closing
进入akcreceived
_time_running:0
timer start
timer start
timer closing
进入akcreceived
_time_running:0
timer start
timer start
timer closing
进入akcreceived
_time_running:0
timer start
timer start
timer closing
进入akcreceived
_time_running:0
timer start
timer start
timer closing
进入akcreceived
_time_running:0
timer start
timer start
timer closing
进入akcreceived
_time_running:0
timer start
timer start
timer closing
进入akcreceived
_time_running:0
timer start
timer start
timer closing
进入akcreceived
_time_running:0
timer start
timer start
timer closing
进入akcreceived
_time_running:0
timer start
timer start
timer closing
进入akcreceived
_time_running:0
timer start
timer start
timer closing
进入akcreceived
_time_running:0
timer start
timer start
timer closing
进入akcreceived
_time_running:0
timer start
timer start
timer closing
进入akcreceived
_time_running:0
timer start
timer start
timer closing
进入akcreceived
_time_running:0
timer start
timer start
timer closing
进入akcreceived
_time_running:0
timer start
timer start
timer closing
进入akcreceived
_time_running:0
timer start
timer start
timer closing
进入akcreceived
_time_running:0
timer start
timer start
timer closing
进入akcreceived
_time_running:0
timer start
timer start
timer closing
进入akcreceived
_time_running:0
timer start
timer start
timer closing
进入akcreceived
_time_running:0
timer start
timer start
timer closing
进入akcreceived
_time_running:0
timer start
timer start
timer closing
进入akcreceived
_time_running:0
timer start
timer start
timer closing
进入akcreceived
_time_running:0
timer start
timer start
timer closing
进入akcreceived
_time_running:0
timer start
timer start
timer closing
进入akcreceived
_time_running:0
timer start
timer start
timer closing
进入akcreceived
_time_running:0
timer start
timer start
timer closing
进入akcreceived
_time_running:0
timer start
timer start
timer closing
进入akcreceived
_time_running:0
timer start
timer start
timer closing
进入akcreceived
_time_running:0
timer start
timer start
timer closing
进入akcreceived
_time_running:0
timer start
timer start
timer closing
进入akcreceived
_time_running:0
timer start
timer start
timer closing
进入akcreceived
_time_running:0
timer start
timer start
timer closing
进入akcreceived
_time_running:0
timer start
timer start
timer closing
进入akcreceived
_time_running:0
timer start
timer start
timer closing
进入akcreceived
_time_running:0
timer start
timer start
timer closing
进入akcreceived
_time_running:0
timer start
timer start
timer closing
进入akcreceived
_time_running:0
timer start
timer start
timer closing
进入akcreceived
_time_running:0
timer start
timer start
timer closing
进入akcreceived
_time_running:0
timer start
timer start
timer closing
进入akcreceived
_time_running:0
timer start
timer start
timer closing
进入akcreceived
_time_running:0
timer start
timer start
timer closing
进入akcreceived
_time_running:0
timer start
timer start
timer closing
进入akcreceived
_time_running:0
timer start
timer start
timer closing
进入akcreceived
_time_running:0
timer start
timer start
timer closing
进入akcreceived
_time_running:0
timer start
timer start
timer closing
进入akcreceived
_time_running:0
timer start
timer start
timer closing
进入akcreceived
_time_running:0
timer start
timer start
timer closing
进入akcreceived
_time_running:0
timer start
timer start
timer closing
进入akcreceived
_time_running:0
timer start
timer start
timer closing
进入akcreceived
_time_running:0
timer start
timer start
timer closing
进入akcreceived
_time_running:0
timer start
timer start
timer closing
进入akcreceived
_time_running:0
timer start
timer start
timer closing
进入akcreceived
_time_running:0
timer start
timer start
timer closing
进入akcreceived
_time_running:0
timer start
timer start
timer closing
进入akcreceived
_time_running:0
timer start
timer start
timer closing
进入akcreceived
_time_running:0
timer start
timer start
timer closing
进入akcreceived
_time_running:0
timer start
timer start
timer closing
进入akcreceived
_time_running:0
timer start
timer start
timer closing
进入akcreceived
_time_running:0
timer start
timer start
timer closing
进入akcreceived
_time_running:0
timer start
timer start
timer closing
进入akcreceived
_time_running:0
timer start
timer start
timer closing
进入akcreceived
_time_running:0
timer start
timer start
timer closing
进入akcreceived
_time_running:0
timer start
timer start
timer closing
进入akcreceived
_time_running:0
timer start
timer start
timer closing
进入akcreceived
_time_running:0
timer start
timer start
timer closing
进入akcreceived
_time_running:0
timer start
timer start
timer closing
进入akcreceived
_time_running:0
timer start
timer start
timer closing
进入akcreceived
_time_running:0
timer start
timer start
timer closing
进入akcreceived
_time_running:0
timer start
timer start
timer closing
进入akcreceived
_time_running:0
timer start
timer start
timer closing
进入akcreceived
_time_running:0
timer start
timer start
timer closing
进入akcreceived
_time_running:0
timer start
timer start
timer closing
进入akcreceived
_time_running:0
timer start
timer start
timer closing
进入akcreceived
_time_running:0
timer start
timer start
timer closing
进入akcreceived
_time_running:0
timer start
timer start
timer closing
进入akcreceived
_time_running:0
timer start
timer start
timer closing
进入akcreceived
_time_running:0
timer start
timer start
timer closing
进入akcreceived
_time_running:0
timer start
timer start
timer closing
进入akcreceived
_time_running:0
timer start
timer start
timer closing
进入akcreceived
_time_running:0
timer start
timer start
timer closing
进入akcreceived
_time_running:0
timer start
timer start
timer closing
进入akcreceived
_time_running:0
timer start
timer start
timer closing
进入akcreceived
_time_running:0
timer start
timer start
timer closing
进入akcreceived
_time_running:0
timer start
timer start
timer closing
进入akcreceived
_time_running:0
timer start
timer start
timer closing
进入akcreceived
_time_running:0
timer start
timer start
timer closing
进入akcreceived
_time_running:0
timer start
timer start
timer closing
进入akcreceived
_time_running:0
timer start
timer start
timer closing
进入akcreceived
_time_running:0
timer start
timer start
timer closing
进入akcreceived
_time_running:0
timer start
timer start
timer closing
进入akcreceived
_time_running:0
timer start
timer start
timer closing
进入akcreceived
_time_running:0
timer start
timer start
timer closing
进入akcreceived
_time_running:0
timer start
timer start
timer closing
进入akcreceived
_time_running:0
timer start
timer start
timer closing
进入akcreceived
_time_running:0
timer start
timer start
timer closing
进入akcreceived
_time_running:0
timer start
timer start
timer closing
进入akcreceived
_time_running:0
timer start
timer start
timer closing
进入akcreceived
_time_running:0
timer start
timer start
timer closing
进入akcreceived
_time_running:0
timer start
timer start
timer closing
进入akcreceived
_time_running:0
timer start
timer start
timer closing
进入akcreceived
_time_running:0
timer start
timer start
timer closing
进入akcreceived
_time_running:0
timer start
timer start
timer closing
进入akcreceived
_time_running:0
timer start
timer start
timer closing
进入akcreceived
_time_running:0
timer start
timer start
timer closing
进入akcreceived
_time_running:0
timer start
timer start
timer closing
进入akcreceived
_time_running:0
timer start
timer start
timer closing
进入akcreceived
_time_running:0
timer start
timer start
timer closing
进入akcreceived
_time_running:0
timer start
timer start
timer closing
进入akcreceived
_time_running:0
timer start
timer start
timer closing
进入akcreceived
_time_running:0
timer start
timer start
timer closing
进入akcreceived
_time_running:0
timer start
timer start
timer closing
进入akcreceived
_time_running:0
timer start
timer start
timer closing
进入akcreceived
_time_running:0
timer start
timer start
timer closing
进入akcreceived
_time_running:0
timer start
timer start
timer closing
进入akcreceived
_time_running:0
timer start
timer start
timer closing
进入akcreceived
_time_running:0
timer start
timer start
timer closing
进入akcreceived
_time_running:0
timer start
timer start
timer closing
进入akcreceived
_time_running:0
timer start
timer start
timer closing
进入akcreceived
_time_running:0
timer start
timer start
timer closing
进入akcreceived
_time_running:0
timer start
timer start
timer closing
进入akcreceived
_time_running:0
timer start
timer start
timer closing
进入akcreceived
_time_running:0
timer start
timer start
timer closing
进入akcreceived
_time_running:0
timer start
timer start
timer closing
进入akcreceived
_time_running:0
timer start
timer start
timer closing
进入akcreceived
_time_running:0
timer start
timer start
timer closing
进入akcreceived
_time_running:0
timer start
timer start
timer closing
进入akcreceived
_time_running:0
timer start
timer start
timer closing
进入akcreceived
_time_running:0
timer start
timer start
timer closing
进入akcreceived
_time_running:0
timer start
timer start
timer closing
进入akcreceived
_time_running:0
timer start
timer start
timer closing
进入akcreceived
_time_running:0
timer start
timer start
timer closing
进入akcreceived
_time_running:0
timer start
timer start
timer closing
进入akcreceived
_time_running:0
timer start
timer start
timer closing
进入akcreceived
_time_running:0
timer start
timer start
timer closing
进入akcreceived
_time_running:0
timer start
timer start
timer closing
进入akcreceived
_time_running:0
timer start
timer start
timer closing
进入akcreceived
_time_running:0
timer start
timer start
timer closing
进入akcreceived
_time_running:0
timer start
timer start
timer closing
进入akcreceived
_time_running:0
timer start
timer start
timer closing
进入akcreceived
_time_running:0
timer start
timer start
timer closing
进入akcreceived
_time_running:0
timer start
timer start
timer closing
进入akcreceived
_time_running:0
timer start
timer start
timer closing
进入akcreceived
_time_running:0
timer start
timer start
timer closing
进入akcreceived
_time_running:0
timer start
timer start
timer closing
进入akcreceived
_time_running:0
timer start
timer start
timer closing
进入akcreceived
_time_running:0
timer start
timer start
timer closing
进入akcreceived
_time_running:0
timer start
timer start
timer closing
进入akcreceived
_time_running:0
timer start
timer start
timer closing
进入akcreceived
_time_running:0
timer start
timer start
timer closing
进入akcreceived
_time_running:0
timer start
timer start
timer closing
进入akcreceived
_time_running:0
timer start
timer start
timer closing
进入akcreceived
_time_running:0
timer start
timer start
timer closing
进入akcreceived
_time_running:0
timer start
timer start
timer closing
进入akcreceived
_time_running:0
timer start
timer start
timer closing
进入akcreceived
_time_running:0
timer start
timer start
timer closing
进入akcreceived
_time_running:0
timer start
timer start
timer closing
进入akcreceived
_time_running:0
timer start
timer start
timer closing
进入akcreceived
_time_running:0
timer start
timer start
timer closing
进入akcreceived
_time_running:0
timer start
timer start
timer closing
进入akcreceived
_time_running:0
timer start
timer start
timer closing
进入akcreceived
_time_running:0
timer start
timer start
timer closing
进入akcreceived
_time_running:0
timer start
timer start
timer closing
进入akcreceived
_time_running:0
timer start
timer start
timer closing
进入akcreceived
_time_running:0
timer start
timer start
timer closing
进入akcreceived
_time_running:0
timer start
timer start
timer closing
进入akcreceived
_time_running:0
timer start
timer start
timer closing
进入akcreceived
_time_running:0
timer start
timer start
timer closing
进入akcreceived
_time_running:0
timer start
timer start
timer closing
进入akcreceived
_time_running:0
timer start
timer start
timer closing
进入akcreceived
_time_running:0
timer start
timer start
timer closing
进入akcreceived
_time_running:0
timer start
timer start
timer closing
进入akcreceived
_time_running:0
timer start
timer start
timer closing
进入akcreceived
_time_running:0
timer start
timer start
timer closing
进入akcreceived
_time_running:0
timer start
timer start
timer closing
进入akcreceived
_time_running:0
timer start
timer start
timer closing
进入akcreceived
_time_running:0
timer start
timer start
timer closing
进入akcreceived
_time_running:0
timer start
timer start
timer closing
进入akcreceived
_time_running:0
timer start
timer start
timer closing
进入akcreceived
_time_running:0
timer start
timer start
timer closing
进入akcreceived
_time_running:0
timer start
timer start
timer closing
进入akcreceived
_time_running:0
timer start
timer start
timer closing
进入akcreceived
_time_running:0
timer start
timer start
timer closing
进入akcreceived
_time_running:0
timer start
timer start
timer closing
进入akcreceived
_time_running:0
timer start
timer start
timer closing
进入akcreceived
_time_running:0
timer start
timer start
timer closing
进入akcreceived
_time_running:0
timer start
timer start
timer closing
进入akcreceived
_time_running:0
timer start
timer start
timer closing
进入akcreceived
_time_running:0
timer start
timer start
timer closing
进入akcreceived
_time_running:0
timer start
timer start
timer closing
进入akcreceived
_time_running:0
timer start
timer start
timer closing
进入akcreceived
_time_running:0
timer start
timer start
timer closing
进入akcreceived
_time_running:0
timer start
timer start
timer closing
进入akcreceived
_time_running:0
timer start
timer start
timer closing
进入akcreceived
_time_running:0
timer start
timer start
timer closing
进入akcreceived
_time_running:0
timer start
timer start
timer closing
进入akcreceived
_time_running:0
timer start
timer start
timer closing
进入akcreceived
_time_running:0
timer start
timer start
timer closing
进入akcreceived
_time_running:0
timer start
timer start
timer closing
进入akcreceived
_time_running:0
timer start
timer start
timer closing
进入akcreceived
_time_running:0
timer start
timer start
timer closing
进入akcreceived
_time_running:0
timer start
timer start
timer closing
进入akcreceived
_time_running:0
timer start
timer start
timer closing
进入akcreceived
_time_running:0
timer start
timer start
timer closing
进入akcreceived
_time_running:0
timer start
timer start
timer closing
进入akcreceived
_time_running:0
timer start
timer start
timer closing
进入akcreceived
_time_running:0
timer start
timer start
timer closing
进入akcreceived
_time_running:0
timer start
timer start
timer closing
进入akcreceived
_time_running:0
timer start
timer start
timer closing
进入akcreceived
_time_running:0
timer start
timer start
timer closing
进入akcreceived
_time_running:0
timer start
timer start
timer closing
进入akcreceived
_time_running:0
timer start
timer start
timer closing
进入akcreceived
_time_running:0
timer start
timer start
timer closing
进入akcreceived
_time_running:0
timer start
timer start
timer closing
进入akcreceived
_time_running:0
timer start
timer start
timer closing
进入akcreceived
_time_running:0
timer start
timer start
timer closing
进入akcreceived
_time_running:0
timer start
timer start
timer closing
进入akcreceived
_time_running:0
timer start
timer start
timer closing
进入akcreceived
_time_running:0
timer start
timer start
timer closing
进入akcreceived
_time_running:0
timer start
timer start
timer closing
进入akcreceived
_time_running:0
timer start
timer start
timer closing
进入akcreceived
_time_running:0
timer start
timer start
timer closing
进入akcreceived
_time_running:0
timer start
timer start
timer closing
进入akcreceived
_time_running:0
timer start
timer start
timer closing
进入akcreceived
_time_running:0
timer start
timer start
timer closing
进入akcreceived
_time_running:0
timer start
timer start
timer closing
进入akcreceived
_time_running:0
timer start
timer start
timer closing
进入akcreceived
_time_running:0
timer start
timer start
timer closing
进入akcreceived
_time_running:0
timer start
timer start
timer closing
进入akcreceived
_time_running:0
timer start
timer start
timer closing
进入akcreceived
_time_running:0
timer start
timer start
timer closing
进入akcreceived
_time_running:0
timer start
timer start
timer closing
进入akcreceived
_time_running:0
timer start
timer start
timer closing
进入akcreceived
_time_running:0
timer start
timer start
timer closing
进入akcreceived
_time_running:0
timer start
timer start
timer closing
进入akcreceived
_time_running:0
timer start
timer start
timer closing
进入akcreceived
_time_running:0
timer start
timer start
timer closing
进入akcreceived
_time_running:0
timer start
timer start
timer closing
进入akcreceived
_time_running:0
timer start
timer start
timer closing
进入akcreceived
_time_running:0
timer start
timer start
timer closing
进入akcreceived
_time_running:0
timer start
timer start
timer closing
进入akcreceived
_time_running:0
timer start
timer start
timer closing
进入akcreceived
_time_running:0
timer start
timer start
timer closing
进入akcreceived
_time_running:0
timer start
timer start
timer closing
进入akcreceived
_time_running:0
timer start
timer start
timer closing
进入akcreceived
_time_running:0
timer start
timer start
timer closing
进入akcreceived
_time_running:0
timer start
timer start
timer closing
进入akcreceived
_time_running:0
timer start
timer start
timer closing
进入akcreceived
_time_running:0
timer start
timer start
timer closing
进入akcreceived
_time_running:0
timer start
timer start
timer closing
进入akcreceived
_time_running:0
timer start
timer start
timer closing
进入akcreceived
_time_running:0
timer start
timer start
timer closing
进入akcreceived
_time_running:0
timer start
timer start
timer closing
进入akcreceived
_time_running:0
timer start
timer start
timer closing
进入akcreceived
_time_running:0
timer start
timer start
timer closing
进入akcreceived
_time_running:0
timer start
timer start
timer closing
进入akcreceived
_time_running:0
timer start
timer start
timer closing
进入akcreceived
_time_running:0
timer start
timer start
timer closing
进入akcreceived
_time_running:0
timer start
timer start
timer closing
进入akcreceived
_time_running:0
timer start
timer start
timer closing
进入akcreceived
_time_running:0
timer start
timer start
timer closing
进入akcreceived
_time_running:0
timer start
timer start
timer closing
进入akcreceived
_time_running:0
timer start
timer start
timer closing
进入akcreceived
_time_running:0
timer start
timer start
timer closing
进入akcreceived
_time_running:0
timer start
timer start
timer closing
进入akcreceived
_time_running:0
timer start
timer start
timer closing
进入akcreceived
_time_running:0
timer start
timer start
timer closing
进入akcreceived
_time_running:0
timer start
timer start
timer closing
进入akcreceived
_time_running:0
timer start
timer start
timer closing
进入akcreceived
_time_running:0
timer start
timer start
timer closing
进入akcreceived
_time_running:0
timer start
timer start
timer closing
进入akcreceived
_time_running:0
timer start
timer start
timer closing
进入akcreceived
_time_running:0
timer start
timer start
timer closing
进入akcreceived
_time_running:0
timer start
timer start
timer closing
进入akcreceived
_time_running:0
timer start
timer start
timer closing
进入akcreceived
_time_running:0
timer start
timer start
timer closing
进入akcreceived
_time_running:0
timer start
timer start
timer closing
进入akcreceived
_time_running:0
timer start
timer start
timer closing
进入akcreceived
_time_running:0
timer start
timer start
timer closing
进入akcreceived
_time_running:0
timer start
timer start
timer closing
进入akcreceived
_time_running:0
timer start
timer start
timer closing
进入akcreceived
_time_running:0
timer start
timer start
timer closing
进入akcreceived
_time_running:0
timer start
timer start
timer closing
进入akcreceived
_time_running:0
timer start
timer start
timer closing
进入akcreceived
_time_running:0
timer start
timer start
timer closing
进入akcreceived
_time_running:0
timer start
timer start
timer closing
进入akcreceived
_time_running:0
timer start
timer start
timer closing
进入akcreceived
_time_running:0
timer start
timer start
timer closing
进入akcreceived
_time_running:0
timer start
timer start
timer closing
进入akcreceived
_time_running:0
timer start
timer start
timer closing
进入akcreceived
_time_running:0
timer start
timer start
timer closing
进入akcreceived
_time_running:0
timer start
timer start
timer closing
进入akcreceived
_time_running:0
timer start
timer start
timer closing
进入akcreceived
_time_running:0
timer start
timer start
timer closing
进入akcreceived
_time_running:0
timer start
timer start
timer closing
进入akcreceived
_time_running:0
timer start
timer start
timer closing
进入akcreceived
_time_running:0
timer start
timer start
timer closing
进入akcreceived
_time_running:0
timer start
timer start
timer closing
进入akcreceived
_time_running:0
timer start
timer start
timer closing
进入akcreceived
_time_running:0
timer start
timer start
timer closing
进入akcreceived
_time_running:0
timer start
timer start
timer closing
进入akcreceived
_time_running:0
timer start
timer start
timer closing
进入akcreceived
_time_running:0
timer start
timer start
timer closing
进入akcreceived
_time_running:0
timer start
timer start
timer closing
进入akcreceived
_time_running:0
timer start
timer start
timer closing
进入akcreceived
_time_running:0
timer start
timer start
timer closing
进入akcreceived
_time_running:0
timer start
timer start
timer closing
进入akcreceived
_time_running:0
timer start
timer start
timer closing
进入akcreceived
_time_running:0
timer start
timer start
timer closing
进入akcreceived
_time_running:0
timer start
timer start
timer closing
进入akcreceived
_time_running:0
timer start
timer start
timer closing
进入akcreceived
_time_running:0
timer start
timer start
timer closing
进入akcreceived
_time_running:0
timer start
timer start
timer closing
进入akcreceived
_time_running:0
timer start
timer start
timer closing
进入akcreceived
_time_running:0
timer start
timer start
timer closing
进入akcreceived
_time_running:0
timer start
timer start
timer closing
进入akcreceived
_time_running:0
timer start
timer start
timer closing
进入akcreceived
_time_running:0
timer start
timer start
timer closing
进入akcreceived
_time_running:0
timer start
timer start
timer closing
进入akcreceived
_time_running:0
timer start
timer start
timer closing
进入akcreceived
_time_running:0
timer start
timer start
timer closing
进入akcreceived
_time_running:0
timer start
timer start
timer closing
进入akcreceived
_time_running:0
timer start
timer start
timer closing
进入akcreceived
_time_running:0
timer start
timer start
timer closing
进入akcreceived
_time_running:0
timer start
timer start
timer closing
进入akcreceived
_time_running:0
timer start
timer start
timer closing
进入akcreceived
_time_running:0
timer start
timer start
timer closing
进入akcreceived
_time_running:0
timer start
timer start
timer closing
进入akcreceived
_time_running:0
timer start
timer start
timer closing
进入akcreceived
_time_running:0
timer start
timer start
timer closing
进入akcreceived
_time_running:0
timer start
timer start
timer closing
进入akcreceived
_time_running:0
timer start
timer start
timer closing
进入akcreceived
_time_running:0
timer start
timer start
timer closing
进入akcreceived
_time_running:0
timer start
timer start
timer closing
进入akcreceived
_time_running:0
timer start
timer start
timer closing
进入akcreceived
_time_running:0
timer start
timer start
timer closing
进入akcreceived
_time_running:0
timer start
timer start
timer closing
进入akcreceived
_time_running:0
timer start
timer start
timer closing
进入akcreceived
_time_running:0
timer start
timer start
timer closing
进入akcreceived
_time_running:0
timer start
timer start
timer closing
进入akcreceived
_time_running:0
timer start
timer start
timer closing
进入akcreceived
_time_running:0
timer start
timer start
timer closing
进入akcreceived
_time_running:0
timer start
timer start
timer closing
进入akcreceived
_time_running:0
timer start
timer start
timer closing
进入akcreceived
_time_running:0
timer start
timer start
timer closing
进入akcreceived
_time_running:0
timer start
timer start
timer closing
进入akcreceived
_time_running:0
timer start
timer start
timer closing
进入akcreceived
_time_running:0
timer start
timer start
timer closing
进入akcreceived
_time_running:0
timer start
timer start
timer closing
进入akcreceived
_time_running:0
timer start
timer start
timer closing
进入akcreceived
_time_running:0
timer start
timer start
timer closing
进入akcreceived
_time_running:0
timer start
timer start
timer closing
进入akcreceived
_time_running:0
timer start
timer start
timer closing
进入akcreceived
_time_running:0
timer start
timer start
timer closing
进入akcreceived
_time_running:0
timer start
timer start
timer closing
进入akcreceived
_time_running:0
timer start
timer start
timer closing
进入akcreceived
_time_running:0
timer start
timer start
timer closing
进入akcreceived
_time_running:0
timer start
timer start
timer closing
进入akcreceived
_time_running:0
timer start
timer start
timer closing
进入akcreceived
_time_running:0
timer start
timer start
timer closing
进入akcreceived
_time_running:0
timer start
timer start
timer closing
进入akcreceived
_time_running:0
timer start
timer start
timer closing
进入akcreceived
_time_running:0
timer start
timer start
timer closing
进入akcreceived
_time_running:0
timer start
timer start
timer closing
进入akcreceived
_time_running:0
timer start
timer start
timer closing
进入akcreceived
_time_running:0
timer start
timer start
timer closing
进入akcreceived
_time_running:0
timer start
timer start
timer closing
进入akcreceived
_time_running:0
timer start
timer start
timer closing
进入akcreceived
_time_running:0
timer start
timer start
timer closing
进入akcreceived
_time_running:0
timer start
timer start
timer closing
进入akcreceived
_time_running:0
timer start
timer start
timer closing
进入akcreceived
_time_running:0
timer start
timer start
timer closing
进入akcreceived
_time_running:0
timer start
timer start
timer closing
进入akcreceived
_time_running:0
timer start
timer start
timer closing
进入akcreceived
_time_running:0
timer start
timer start
timer closing
进入akcreceived
_time_running:0
timer start
timer start
timer closing
进入akcreceived
_time_running:0
timer start
timer start
timer closing
进入akcreceived
_time_running:0
timer start
timer start
timer closing
进入akcreceived
_time_running:0
timer start
timer start
timer closing
进入akcreceived
_time_running:0
timer start
timer start
timer closing
进入akcreceived
_time_running:0
timer start
timer start
timer closing
进入akcreceived
_time_running:0
timer start
timer start
timer closing
进入akcreceived
_time_running:0
timer start
timer start
timer closing
进入akcreceived
_time_running:0
timer start
timer start
timer closing
进入akcreceived
_time_running:0
timer start
timer start
timer closing
进入akcreceived
_time_running:0
timer start
timer start
timer closing
进入akcreceived
_time_running:0
timer start
timer start
timer closing
进入akcreceived
_time_running:0
timer start
timer start
timer closing
进入akcreceived
_time_running:0
timer start
timer start
timer closing
进入akcreceived
_time_running:0
timer start
timer start
timer closing
进入akcreceived
_time_running:0
timer start
timer start
timer closing
进入akcreceived
_time_running:0
timer start
timer start
timer closing
进入akcreceived
_time_running:0
timer start
timer start
timer closing
进入akcreceived
_time_running:0
timer start
timer start
timer closing
进入akcreceived
_time_running:0
timer start
timer start
timer closing
进入akcreceived
_time_running:0
timer start
timer start
timer closing
进入akcreceived
_time_running:0
timer start
timer start
timer closing
进入akcreceived
_time_running:0
timer start
timer start
timer closing
进入akcreceived
_time_running:0
timer start
timer start
timer closing
进入akcreceived
_time_running:0
timer start
timer start
timer closing
进入akcreceived
_time_running:0
timer start
timer start
timer closing
进入akcreceived
_time_running:0
timer start
timer start
timer closing
进入akcreceived
_time_running:0
timer start
timer start
timer closing
进入akcreceived
_time_running:0
timer start
timer start
timer closing
进入akcreceived
_time_running:0
timer start
timer start
timer closing
进入akcreceived
_time_running:0
timer start
timer start
timer closing
进入akcreceived
_time_running:0
timer start
timer start
timer closing
进入akcreceived
_time_running:0
timer start
timer start
timer closing
进入akcreceived
_time_running:0
timer start
timer start
timer closing
进入akcreceived
_time_running:0
timer start
timer start
timer closing
进入akcreceived
_time_running:0
timer start
timer start
timer closing
进入akcreceived
_time_running:0
timer start
timer start
timer closing
进入akcreceived
_time_running:0
timer start
timer start
timer closing
进入akcreceived
_time_running:0
timer start
timer start
timer closing
进入akcreceived
_time_running:0
timer start
timer start
timer closing
进入akcreceived
_time_running:0
timer start
timer start
timer closing
进入akcreceived
_time_running:0
timer start
timer start
timer closing
进入akcreceived
_time_running:0
timer start
timer start
timer closing
进入akcreceived
_time_running:0
timer start
timer start
timer closing
进入akcreceived
_time_running:0
timer start
timer start
timer closing
进入akcreceived
_time_running:0
timer start
timer start
timer closing
进入akcreceived
_time_running:0
timer start
timer start
timer closing
进入akcreceived
_time_running:0
timer start
timer start
timer closing
进入akcreceived
_time_running:0
timer start
timer start
timer closing
进入akcreceived
_time_running:0
timer start
timer start
timer closing
进入akcreceived
_time_running:0
timer start
timer start
timer closing
进入akcreceived
_time_running:0
timer start
timer start
timer closing
进入akcreceived
_time_running:0
timer start
timer start
timer closing
进入akcreceived
_time_running:0
timer start
timer start
timer closing
进入akcreceived
_time_running:0
timer start
timer start
timer closing
进入akcreceived
_time_running:0
timer start
timer start
timer closing
进入akcreceived
_time_running:0
timer start
timer start
timer closing
进入akcreceived
_time_running:0
timer start
timer start
timer closing
进入akcreceived
_time_running:0
timer start
timer start
timer closing
进入akcreceived
_time_running:0
timer start
timer start
timer closing
进入akcreceived
_time_running:0
timer start
timer start
timer closing
进入akcreceived
_time_running:0
timer start
timer start
timer closing
进入akcreceived
_time_running:0
timer start
timer start
timer closing
进入akcreceived
_time_running:0
timer start
timer start
timer closing
进入akcreceived
_time_running:0
timer start
timer start
timer closing
进入akcreceived
_time_running:0
timer start
timer start
timer closing
进入akcreceived
_time_running:0
timer start
timer start
timer closing
进入akcreceived
_time_running:0
timer start
timer start
timer closing
进入akcreceived
_time_running:0
timer start
timer start
timer closing
进入akcreceived
_time_running:0
timer start
timer start
timer closing
进入akcreceived
_time_running:0
timer start
timer start
timer closing
进入akcreceived
_time_running:0
timer start
timer start
timer closing
进入akcreceived
_time_running:0
timer start
timer start
timer closing
进入akcreceived
_time_running:0
timer start
timer start
timer closing
进入akcreceived
_time_running:0
timer start
timer start
timer closing
进入akcreceived
_time_running:0
timer start
timer start
timer closing
进入akcreceived
_time_running:0
timer start
timer start
timer closing
进入akcreceived
_time_running:0
timer start
timer start
timer closing
进入akcreceived
_time_running:0
timer start
timer start
timer closing
进入akcreceived
_time_running:0
timer start
timer start
timer closing
进入akcreceived
_time_running:0
timer start
timer start
timer closing
进入akcreceived
_time_running:0
timer start
timer start
timer closing
进入akcreceived
_time_running:0
timer start
timer start
timer closing
进入akcreceived
_time_running:0
timer start
timer start
timer closing
进入akcreceived
_time_running:0
timer start
timer start
timer closing
进入akcreceived
_time_running:0
timer start
timer start
timer closing
进入akcreceived
_time_running:0
timer start
timer start
timer closing
进入akcreceived
_time_running:0
timer start
timer start
timer closing
进入akcreceived
_time_running:0
timer start
timer start
timer closing
进入akcreceived
_time_running:0
timer start
timer start
timer closing
进入akcreceived
_time_running:0
timer start
timer start
timer closing
进入akcreceived
_time_running:0
timer start
timer start
timer closing
进入akcreceived
_time_running:0
timer start
timer start
timer closing
进入akcreceived
_time_running:0
timer start
timer start
timer closing
进入akcreceived
_time_running:0
timer start
timer start
timer closing
进入akcreceived
_time_running:0
timer start
timer start
timer closing
进入akcreceived
_time_running:0
timer start
timer start
timer closing
进入akcreceived
_time_running:0
timer start
timer start
timer closing
进入akcreceived
_time_running:0
timer start
timer start
timer closing
进入akcreceived
_time_running:0
timer start
timer start
timer closing
进入akcreceived
_time_running:0
timer start
timer start
timer closing
进入akcreceived
_time_running:0
timer start
timer start
timer closing
进入akcreceived
_time_running:0
timer start
timer start
timer closing
进入akcreceived
_time_running:0
timer start
timer start
timer closing
进入akcreceived
_time_running:0
timer start
timer start
timer closing
进入akcreceived
_time_running:0
timer start
timer start
timer closing
进入akcreceived
_time_running:0
timer start
timer start
timer closing
进入akcreceived
_time_running:0
timer start
timer start
timer closing
进入akcreceived
_time_running:0
timer start
timer start
timer closing
进入akcreceived
_time_running:0
timer start
timer start
timer closing
进入akcreceived
_time_running:0
timer start
timer start
timer closing
进入akcreceived
_time_running:0
timer start
timer start
timer closing
进入akcreceived
_time_running:0
timer start
timer start
timer closing
进入akcreceived
_time_running:0
timer start
timer start
timer closing
进入akcreceived
_time_running:0
timer start
timer start
timer closing
进入akcreceived
_time_running:0
timer start
timer start
timer closing
进入akcreceived
_time_running:0
timer start
timer start
timer closing
进入akcreceived
_time_running:0
timer start
timer start
timer closing
进入akcreceived
_time_running:0
timer start
timer start
timer closing
进入akcreceived
_time_running:0
timer start
timer start
timer closing
进入akcreceived
_time_running:0
timer start
timer start
timer closing
进入akcreceived
_time_running:0
timer start
timer start
timer closing
进入akcreceived
_time_running:0
timer start
timer start
timer closing
进入akcreceived
_time_running:0
timer start
timer start
timer closing
进入akcreceived
_time_running:0
timer start
timer start
timer closing
进入akcreceived
_time_running:0
timer start
timer start
timer closing
进入akcreceived
_time_running:0
timer start
timer start
timer closing
进入akcreceived
_time_running:0
timer start
timer start
timer closing
进入akcreceived
_time_running:0
timer start
timer start
timer closing
进入akcreceived
_time_running:0
timer start
timer start
timer closing
进入akcreceived
_time_running:0
timer start
timer start
timer closing
进入akcreceived
_time_running:0
timer start
timer start
timer closing
进入akcreceived
_time_running:0
timer start
timer start
timer closing
进入akcreceived
_time_running:0
timer start
timer start
timer closing
进入akcreceived
_time_running:0
timer start
timer start
timer closing
进入akcreceived
_time_running:0
timer start
timer start
timer closing
进入akcreceived
_time_running:0
timer start
timer start
timer closing
进入akcreceived
_time_running:0
timer start
timer start
timer closing
进入akcreceived
_time_running:0
timer start
timer start
timer closing
进入akcreceived
_time_running:0
timer start
timer start
timer closing
进入akcreceived
_time_running:0
timer start
timer start
timer closing
进入akcreceived
_time_running:0
timer start
timer start
timer closing
进入akcreceived
_time_running:0
timer start
timer start
timer closing
进入akcreceived
_time_running:0
timer start
timer start
timer closing
进入akcreceived
_time_running:0
timer start
timer start
timer closing
进入akcreceived
_time_running:0
timer start
timer start
timer closing
进入akcreceived
_time_running:0
timer start
timer start
timer closing
进入akcreceived
_time_running:0
timer start
timer start
timer closing
进入akcreceived
_time_running:0
timer start
timer start
timer closing
进入akcreceived
_time_running:0
timer start
timer start
timer closing
进入akcreceived
_time_running:0
timer start
timer start
timer closing
进入akcreceived
_time_running:0
timer start
timer start
timer closing
进入akcreceived
_time_running:0
timer start
timer start
timer closing
进入akcreceived
_time_running:0
timer start
timer start
timer closing
进入akcreceived
_time_running:0
timer start
timer start
timer closing
进入akcreceived
_time_running:0
timer start
timer start
timer closing
进入akcreceived
_time_running:0
timer start
timer start
timer closing
进入akcreceived
_time_running:0
timer start
timer start
timer closing
进入akcreceived
_time_running:0
timer start
timer start
timer closing
进入akcreceived
_time_running:0
timer start
timer start
timer closing
进入akcreceived
_time_running:0
timer start
timer start
timer closing
进入akcreceived
_time_running:0
timer start
timer start
timer closing
进入akcreceived
_time_running:0
timer start
timer start
timer closing
进入akcreceived
_time_running:0
timer start
timer start
timer closing
进入akcreceived
_time_running:0
timer start
timer start
timer closing
进入akcreceived
_time_running:0
timer start
timer start
timer closing
进入akcreceived
_time_running:0
timer start
timer start
timer closing
进入akcreceived
_time_running:0
timer start
timer start
timer closing
进入akcreceived
_time_running:0
timer start
timer start
timer closing
进入akcreceived
_time_running:0
timer start
timer start
timer closing
进入akcreceived
_time_running:0
timer start
timer start
timer closing
进入akcreceived
_time_running:0
timer start
timer start
timer closing
进入akcreceived
_time_running:0
timer start
timer start
timer closing
进入akcreceived
_time_running:0
timer start
timer start
timer closing
进入akcreceived
_time_running:0
timer start
timer start
timer closing
进入akcreceived
_time_running:0
timer start
timer start
timer closing
进入akcreceived
_time_running:0
timer start
timer start
timer closing
进入akcreceived
_time_running:0
timer start
timer start
timer closing
进入akcreceived
_time_running:0
timer start
timer start
timer closing
进入akcreceived
_time_running:0
timer start
timer start
timer closing
进入akcreceived
_time_running:0
timer start
timer start
timer closing
进入akcreceived
_time_running:0
timer start
timer start
timer closing
进入akcreceived
_time_running:0
timer start
timer start
timer closing
进入akcreceived
_time_running:0
timer start
timer start
timer closing
进入akcreceived
_time_running:0
timer start
timer start
timer closing
进入akcreceived
_time_running:0
timer start
timer start
timer closing
进入akcreceived
_time_running:0
timer start
timer start
timer closing
进入akcreceived
_time_running:0
timer start
timer start
timer closing
进入akcreceived
_time_running:0
timer start
timer start
timer closing
进入akcreceived
_time_running:0
timer start
timer start
timer closing
进入akcreceived
_time_running:0
timer start
timer start
timer closing
进入akcreceived
_time_running:0
timer start
timer start
timer closing
进入akcreceived
_time_running:0
timer start
timer start
timer closing
进入akcreceived
_time_running:0
timer start
timer start
timer closing
进入akcreceived
_time_running:0
timer start
timer start
timer closing
进入akcreceived
_time_running:0
timer start
timer start
timer closing
进入akcreceived
_time_running:0
timer start
timer start
timer closing
进入akcreceived
_time_running:0
timer start
timer start
timer closing
进入akcreceived
_time_running:0
timer start
timer start
timer closing
进入akcreceived
_time_running:0
timer start
timer start
timer closing
进入akcreceived
_time_running:0
timer start
timer start
timer closing
进入akcreceived
_time_running:0
timer start
timer start
timer closing
进入akcreceived
_time_running:0
timer start
timer start
timer closing
进入akcreceived
_time_running:0
timer start
timer start
timer closing
进入akcreceived
_time_running:0
timer start
timer start
timer closing
进入akcreceived
_time_running:0
timer start
timer start
timer closing
进入akcreceived
_time_running:0
timer start
timer start
timer closing
进入akcreceived
_time_running:0
timer start
timer start
timer closing
进入akcreceived
_time_running:0
timer start
timer start
timer closing
进入akcreceived
_time_running:0
timer start
timer start
timer closing
进入akcreceived
_time_running:0
timer start
timer start
timer closing
进入akcreceived
_time_running:0
timer start
timer start
timer closing
进入akcreceived
_time_running:0
timer start
timer start
timer closing
进入akcreceived
_time_running:0
timer start
timer start
timer closing
[...]
timer start
timer start
timer closing
_time_running:0
timer start
_time_running:1
_time_running:1
_time_running:1
_time_running:1
_time_running:1
_time_running:1
_time_running:1
_time_running:1
_time_running:1
_time_running:1
_time_running:1
_time_running:1
_time_running:1
_time_running:1
_time_running:1
_time_running:1
_time_running:1
_time_running:1
_time_running:1
_time_running:1
_time_running:1
_time_running:1
_time_running:1
_time_running:1
_time_running:1
_time_running:1
_time_running:1
_time_running:1
_time_running:1
_time_running:1
_time_running:1
_time_running:1
_time_running:1
_time_running:1
_time_running:1
_time_running:1
_time_running:1
_time_running:1
_time_running:1
_time_running:1
_time_running:1
进入akcreceived
_time_running:0
timer start
timer start
timer closing
进入akcreceived
_time_running:0
timer start
_time_running:1
进入判断是否超时的阶段
_time_running:1
time_running:1
time:passed:613
_time_running:1
进入判断是否超时的阶段
_time_running:1
time_running:1
time:passed:615
double_rto_restart-----------_time_running:1
window:1000
_time_running:0
timer start
timer start
timer closing
进入akcreceived
_time_running:0
timer start
_time_running:1
_time_running:1
进入判断是否超时的阶段
_time_running:1
time_running:1
time:passed:222
timer start
进入akcreceived
_time_running:1
进入判断是否超时的阶段
_time_running:1
time_running:1
time:passed:222
_time_running:1
进入判断是否超时的阶段
_time_running:1
time_running:1
time:passed:224
double_rto_restart-----------_time_running:1
window:1000
_time_running:1
进入判断是否超时的阶段
_time_running:1
time_running:1
time:passed:441
_time_running:1
进入判断是否超时的阶段
_time_running:1
time_running:1
time:passed:451
double_rto_restart-----------_time_running:1
window:1000
_time_running:0
timer start
timer start
timer closing
_time_running:0
timer start
进入akcreceived
进入akcreceived
进入akcreceived
timer start
timer closing
_time_running:0
timer start
进入akcreceived
_time_running:0
timer start
timer start
timer closing
_time_running:0
timer start
进入akcreceived
进入akcreceived
进入akcreceived
timer start
timer closing
_time_running:0
timer start
进入akcreceived
_time_running:0
timer start
timer start
timer closing
_time_running:0
timer start
进入akcreceived
timer start
timer closing
进入akcreceived
---------------------------------------------------
_time_running:0
timer start
11
22
33
44
timer start
timer closing
_time_running:0
timer start
进入akcreceived
55
66
77
88
99
i:0
_time_running:1
进入判断是否超时的阶段
_time_running:1
time_running:1
time:passed:2682
_time_running:1
进入判断是否超时的阶段
_time_running:1
time_running:1
time:passed:2683
double_rto_restart-----------_time_running:1
window:0
i:1
_time_running:1
进入判断是否超时的阶段
_time_running:1
time_running:1
time:passed:2682
_time_running:1
进入判断是否超时的阶段
_time_running:1
time_running:1
time:passed:2683
double_rto_restart-----------_time_running:1
window:0
i:2
_time_running:1
进入判断是否超时的阶段
_time_running:1
time_running:1
time:passed:2682
_time_running:1
进入判断是否超时的阶段
_time_running:1
time_running:1
time:passed:2683
double_rto_restart-----------_time_running:1
window:0
i:3
_time_running:1
进入判断是否超时的阶段
_time_running:1
time_running:1
time:passed:2682
_time_running:1
进入判断是否超时的阶段
_time_running:1
time_running:1
time:passed:2683
double_rto_restart-----------_time_running:1
window:0
i:4
_time_running:1
进入判断是否超时的阶段
_time_running:1
time_running:1
time:passed:2682
_time_running:1
进入判断是否超时的阶段
_time_running:1
time_running:1
time:passed:2683
double_rto_restart-----------_time_running:1
window:0
10
timer start
timer closing
_time_running:0
timer start
进入akcreceived
11
12
_time_running:1
进入判断是否超时的阶段
_time_running:1
time_running:1
time:passed:2682
_time_running:1
进入判断是否超时的阶段
_time_running:1
time_running:1
time:passed:2683
double_rto_restart-----------_time_running:1
window:0
_time_running:1
进入判断是否超时的阶段
_time_running:1
time_running:1
time:passed:2682
_time_running:1
进入判断是否超时的阶段
_time_running:1
time_running:1
time:passed:2683
double_rto_restart-----------_time_running:1
window:0
_time_running:1
进入判断是否超时的阶段
_time_running:1
time_running:1
time:passed:2682
_time_running:1
进入判断是否超时的阶段
_time_running:1
time_running:1
time:passed:2683
double_rto_restart-----------_time_running:1
window:0
_time_running:1
进入判断是否超时的阶段
_time_running:1
time_running:1
time:passed:2682
_time_running:1
进入判断是否超时的阶段
_time_running:1
time_running:1
time:passed:2683
double_rto_restart-----------_time_running:1
window:0
_time_running:1
进入判断是否超时的阶段
_time_running:1
time_running:1
time:passed:2682
_time_running:1
进入判断是否超时的阶段
_time_running:1
time_running:1
time:passed:2683
double_rto_restart-----------_time_running:1
window:0
13
timer start
timer closing
_time_running:0
timer start
进入akcreceived
14
15
_time_running:1
进入判断是否超时的阶段
_time_running:1
time_running:1
time:passed:2682
_time_running:1
进入判断是否超时的阶段
_time_running:1
time_running:1
time:passed:2683
double_rto_restart-----------_time_running:1
window:0
_time_running:1
进入判断是否超时的阶段
_time_running:1
time_running:1
time:passed:2682
_time_running:1
进入判断是否超时的阶段
_time_running:1
time_running:1
time:passed:2683
double_rto_restart-----------_time_running:1
window:0
_time_running:1
进入判断是否超时的阶段
_time_running:1
time_running:1
time:passed:2682
_time_running:1
进入判断是否超时的阶段
_time_running:1
time_running:1
time:passed:2683
double_rto_restart-----------_time_running:1
window:0
_time_running:1
进入判断是否超时的阶段
_time_running:1
time_running:1
time:passed:2682
_time_running:1
进入判断是否超时的阶段
_time_running:1
time_running:1
time:passed:2683
double_rto_restart-----------_time_running:1
window:0
_time_running:1
进入判断是否超时的阶段
_time_running:1
time_running:1
time:passed:2682
_time_running:1
进入判断是否超时的阶段
_time_running:1
time_running:1
time:passed:2683
double_rto_restart-----------_time_running:1
window:0
16
timer start
timer closing
_time_running:0
timer start
进入akcreceived
17
18
_time_running:1
进入判断是否超时的阶段
_time_running:1
time_running:1
time:passed:2682
_time_running:1
进入判断是否超时的阶段
_time_running:1
time_running:1
time:passed:2683
double_rto_restart-----------_time_running:1
window:0
_time_running:1
进入判断是否超时的阶段
_time_running:1
time_running:1
time:passed:2682
_time_running:1
进入判断是否超时的阶段
_time_running:1
time_running:1
time:passed:2683
double_rto_restart-----------_time_running:1
window:0
_time_running:1
进入判断是否超时的阶段
_time_running:1
time_running:1
time:passed:2682
_time_running:1
进入判断是否超时的阶段
_time_running:1
time_running:1
time:passed:2683
double_rto_restart-----------_time_running:1
window:0
_time_running:1
进入判断是否超时的阶段
_time_running:1
time_running:1
time:passed:2682
_time_running:1
进入判断是否超时的阶段
_time_running:1
time_running:1
time:passed:2683
double_rto_restart-----------_time_running:1
window:0
_time_running:1
进入判断是否超时的阶段
_time_running:1
time_running:1
time:passed:2682
_time_running:1
进入判断是否超时的阶段
_time_running:1
time_running:1
time:passed:2683
double_rto_restart-----------_time_running:1
window:0
_time_running:0
timer start
timer start
timer closing
_time_running:0
timer start
进入akcreceived
_time_running:1
进入判断是否超时的阶段
_time_running:1
time_running:1
time:passed:2072
_time_running:1
进入判断是否超时的阶段
_time_running:1
time_running:1
time:passed:2073
double_rto_restart-----------_time_running:1
window:1
_time_running:1
进入判断是否超时的阶段
_time_running:1
time_running:1
time:passed:4145
_time_running:1
进入判断是否超时的阶段
_time_running:1
time_running:1
time:passed:4146
double_rto_restart-----------_time_running:1
window:1
_time_running:1
进入判断是否超时的阶段
_time_running:1
time_running:1
time:passed:8291
_time_running:1
进入判断是否超时的阶段
_time_running:1
time_running:1
time:passed:8292
double_rto_restart-----------_time_running:1
window:1
timer start
timer closing
_time_running:0
timer start
进入akcreceived
----------------------------
_time_running:0
timer start
timer start
timer closing
进入akcreceived
_time_running:0
timer start
timer start
timer closing
进入akcreceived
timer closing
进入akcreceived
timer closing
进入akcreceived
timer closing
进入akcreceived
进入akcreceived
进入akcreceived
进入akcreceived
_time_running:0
timer start
100
进入akcreceived
进入akcreceived
进入akcreceived
进入akcreceived
进入akcreceived
进入akcreceived
99
进入akcreceived
进入akcreceived
进入akcreceived
进入akcreceived
88
_time_running:1
进入判断是否超时的阶段
_time_running:1
time_running:1
time:passed:11210
double_rto_restart-----------_time_running:1
window:1000
77
66
55
timer start
timer closing
进入akcreceived
44
进入akcreceived
33
_time_running:0
22
11
<end of output>
Test time =   0.00 sec
----------------------------------------------------------
Test Passed.
"t_send_extra" end time: Apr 12 18:31 CST
"t_send_extra" time elapsed: 00:00:00
----------------------------------------------------------

18/169 Testing: t_strm_reassem_single
18/169 Test: t_strm_reassem_single
Command: "/home/zhangxinyi/learn-CS/network/cs144/sponge/build/tests/fsm_stream_reassembler_single"
Directory: /home/zhangxinyi/learn-CS/network/cs144/sponge/build
"t_strm_reassem_single" start time: Apr 12 18:31 CST
Output:
----------------------------------------------------------
<end of output>
Test time =   0.00 sec
----------------------------------------------------------
Test Passed.
"t_strm_reassem_single" end time: Apr 12 18:31 CST
"t_strm_reassem_single" time elapsed: 00:00:00
----------------------------------------------------------

19/169 Testing: t_strm_reassem_seq
19/169 Test: t_strm_reassem_seq
Command: "/home/zhangxinyi/learn-CS/network/cs144/sponge/build/tests/fsm_stream_reassembler_seq"
Directory: /home/zhangxinyi/learn-CS/network/cs144/sponge/build
"t_strm_reassem_seq" start time: Apr 12 18:31 CST
Output:
----------------------------------------------------------
<end of output>
Test time =   0.00 sec
----------------------------------------------------------
Test Passed.
"t_strm_reassem_seq" end time: Apr 12 18:31 CST
"t_strm_reassem_seq" time elapsed: 00:00:00
----------------------------------------------------------

20/169 Testing: t_strm_reassem_dup
20/169 Test: t_strm_reassem_dup
Command: "/home/zhangxinyi/learn-CS/network/cs144/sponge/build/tests/fsm_stream_reassembler_dup"
Directory: /home/zhangxinyi/learn-CS/network/cs144/sponge/build
"t_strm_reassem_dup" start time: Apr 12 18:31 CST
Output:
----------------------------------------------------------
<end of output>
Test time =   0.00 sec
----------------------------------------------------------
Test Passed.
"t_strm_reassem_dup" end time: Apr 12 18:31 CST
"t_strm_reassem_dup" time elapsed: 00:00:00
----------------------------------------------------------

21/169 Testing: t_strm_reassem_holes
21/169 Test: t_strm_reassem_holes
Command: "/home/zhangxinyi/learn-CS/network/cs144/sponge/build/tests/fsm_stream_reassembler_holes"
Directory: /home/zhangxinyi/learn-CS/network/cs144/sponge/build
"t_strm_reassem_holes" start time: Apr 12 18:31 CST
Output:
----------------------------------------------------------
<end of output>
Test time =   0.00 sec
----------------------------------------------------------
Test Passed.
"t_strm_reassem_holes" end time: Apr 12 18:31 CST
"t_strm_reassem_holes" time elapsed: 00:00:00
----------------------------------------------------------

22/169 Testing: t_strm_reassem_many
22/169 Test: t_strm_reassem_many
Command: "/home/zhangxinyi/learn-CS/network/cs144/sponge/build/tests/fsm_stream_reassembler_many"
Directory: /home/zhangxinyi/learn-CS/network/cs144/sponge/build
"t_strm_reassem_many" start time: Apr 12 18:31 CST
Output:
----------------------------------------------------------
<end of output>
Test time =   0.04 sec
----------------------------------------------------------
Test Passed.
"t_strm_reassem_many" end time: Apr 12 18:31 CST
"t_strm_reassem_many" time elapsed: 00:00:00
----------------------------------------------------------

23/169 Testing: t_strm_reassem_overlapping
23/169 Test: t_strm_reassem_overlapping
Command: "/home/zhangxinyi/learn-CS/network/cs144/sponge/build/tests/fsm_stream_reassembler_overlapping"
Directory: /home/zhangxinyi/learn-CS/network/cs144/sponge/build
"t_strm_reassem_overlapping" start time: Apr 12 18:31 CST
Output:
----------------------------------------------------------
1
1
2
2
<end of output>
Test time =   0.00 sec
----------------------------------------------------------
Test Passed.
"t_strm_reassem_overlapping" end time: Apr 12 18:31 CST
"t_strm_reassem_overlapping" time elapsed: 00:00:00
----------------------------------------------------------

24/169 Testing: t_strm_reassem_win
24/169 Test: t_strm_reassem_win
Command: "/home/zhangxinyi/learn-CS/network/cs144/sponge/build/tests/fsm_stream_reassembler_win"
Directory: /home/zhangxinyi/learn-CS/network/cs144/sponge/build
"t_strm_reassem_win" start time: Apr 12 18:31 CST
Output:
----------------------------------------------------------
offset: 127562
127562
127562
-----------------------
offset: 124505
124505
124505
-----------------------
offset: 132018
132018
132018
-----------------------
offset: 135762
135762
135762
-----------------------
offset: 139407
139407
139407
-----------------------
offset: 134604
134604
134604
-----------------------
offset: 142342
142342
142342
-----------------------
offset: 131216
131216
131216
-----------------------
offset: 130612
130612
130612
-----------------------
offset: 127079
127079
127079
-----------------------
offset: 133100
133100
133100
-----------------------
offset: 139894
139894
139894
-----------------------
offset: 135161
135161
135161
-----------------------
offset: 128130
128130
128130
-----------------------
offset: 121735
121735
121735
-----------------------
offset: 142136
142136
142136
-----------------------
offset: 125738
125738
125738
-----------------------
offset: 135130
135130
135130
-----------------------
offset: 135538
135538
135538
-----------------------
offset: 128534
128534
128534
-----------------------
offset: 128318
128318
128318
-----------------------
offset: 124000
124000
124000
-----------------------
offset: 125470
125470
125470
-----------------------
offset: 131904
131904
131904
-----------------------
offset: 138239
138239
138239
-----------------------
offset: 138732
138732
138732
-----------------------
offset: 130316
130316
130316
-----------------------
offset: 133480
133480
133480
-----------------------
offset: 138109
138109
138109
-----------------------
offset: 124403
124403
124403
-----------------------
offset: 136689
136689
136689
-----------------------
offset: 123927
123927
123927
-----------------------
<end of output>
Test time =   0.04 sec
----------------------------------------------------------
Test Passed.
"t_strm_reassem_win" end time: Apr 12 18:31 CST
"t_strm_reassem_win" time elapsed: 00:00:00
----------------------------------------------------------

25/169 Testing: t_strm_reassem_cap
25/169 Test: t_strm_reassem_cap
Command: "/home/zhangxinyi/learn-CS/network/cs144/sponge/build/tests/fsm_stream_reassembler_cap"
Directory: /home/zhangxinyi/learn-CS/network/cs144/sponge/build
"t_strm_reassem_cap" start time: Apr 12 18:31 CST
Output:
----------------------------------------------------------
<end of output>
Test time =   0.06 sec
----------------------------------------------------------
Test Passed.
"t_strm_reassem_cap" end time: Apr 12 18:31 CST
"t_strm_reassem_cap" time elapsed: 00:00:00
----------------------------------------------------------

26/169 Testing: t_byte_stream_construction
26/169 Test: t_byte_stream_construction
Command: "/home/zhangxinyi/learn-CS/network/cs144/sponge/build/tests/byte_stream_construction"
Directory: /home/zhangxinyi/learn-CS/network/cs144/sponge/build
"t_byte_stream_construction" start time: Apr 12 18:31 CST
Output:
----------------------------------------------------------
<end of output>
Test time =   0.00 sec
----------------------------------------------------------
Test Passed.
"t_byte_stream_construction" end time: Apr 12 18:31 CST
"t_byte_stream_construction" time elapsed: 00:00:00
----------------------------------------------------------

27/169 Testing: t_byte_stream_one_write
27/169 Test: t_byte_stream_one_write
Command: "/home/zhangxinyi/learn-CS/network/cs144/sponge/build/tests/byte_stream_one_write"
Directory: /home/zhangxinyi/learn-CS/network/cs144/sponge/build
"t_byte_stream_one_write" start time: Apr 12 18:31 CST
Output:
----------------------------------------------------------
<end of output>
Test time =   0.00 sec
----------------------------------------------------------
Test Passed.
"t_byte_stream_one_write" end time: Apr 12 18:31 CST
"t_byte_stream_one_write" time elapsed: 00:00:00
----------------------------------------------------------

28/169 Testing: t_byte_stream_two_writes
28/169 Test: t_byte_stream_two_writes
Command: "/home/zhangxinyi/learn-CS/network/cs144/sponge/build/tests/byte_stream_two_writes"
Directory: /home/zhangxinyi/learn-CS/network/cs144/sponge/build
"t_byte_stream_two_writes" start time: Apr 12 18:31 CST
Output:
----------------------------------------------------------
<end of output>
Test time =   0.00 sec
----------------------------------------------------------
Test Passed.
"t_byte_stream_two_writes" end time: Apr 12 18:31 CST
"t_byte_stream_two_writes" time elapsed: 00:00:00
----------------------------------------------------------

29/169 Testing: t_byte_stream_capacity
29/169 Test: t_byte_stream_capacity
Command: "/home/zhangxinyi/learn-CS/network/cs144/sponge/build/tests/byte_stream_capacity"
Directory: /home/zhangxinyi/learn-CS/network/cs144/sponge/build
"t_byte_stream_capacity" start time: Apr 12 18:31 CST
Output:
----------------------------------------------------------
<end of output>
Test time =   0.31 sec
----------------------------------------------------------
Test Passed.
"t_byte_stream_capacity" end time: Apr 12 18:31 CST
"t_byte_stream_capacity" time elapsed: 00:00:00
----------------------------------------------------------

30/169 Testing: t_byte_stream_many_writes
30/169 Test: t_byte_stream_many_writes
Command: "/home/zhangxinyi/learn-CS/network/cs144/sponge/build/tests/byte_stream_many_writes"
Directory: /home/zhangxinyi/learn-CS/network/cs144/sponge/build
"t_byte_stream_many_writes" start time: Apr 12 18:31 CST
Output:
----------------------------------------------------------
<end of output>
Test time =   0.00 sec
----------------------------------------------------------
Test Passed.
"t_byte_stream_many_writes" end time: Apr 12 18:31 CST
"t_byte_stream_many_writes" time elapsed: 00:00:00
----------------------------------------------------------

53/169 Testing: t_address_dt
53/169 Test: t_address_dt
Command: "/home/zhangxinyi/learn-CS/network/cs144/sponge/build/doctests/address_dt"
Directory: /home/zhangxinyi/learn-CS/network/cs144/sponge/build
"t_address_dt" start time: Apr 12 18:31 CST
Output:
----------------------------------------------------------
<end of output>
Test time =   0.01 sec
----------------------------------------------------------
Test Passed.
"t_address_dt" end time: Apr 12 18:31 CST
"t_address_dt" time elapsed: 00:00:00
----------------------------------------------------------

54/169 Testing: t_parser_dt
54/169 Test: t_parser_dt
Command: "/home/zhangxinyi/learn-CS/network/cs144/sponge/build/doctests/parser_dt"
Directory: /home/zhangxinyi/learn-CS/network/cs144/sponge/build
"t_parser_dt" start time: Apr 12 18:31 CST
Output:
----------------------------------------------------------
<end of output>
Test time =   0.00 sec
----------------------------------------------------------
Test Passed.
"t_parser_dt" end time: Apr 12 18:31 CST
"t_parser_dt" time elapsed: 00:00:00
----------------------------------------------------------

55/169 Testing: t_socket_dt
55/169 Test: t_socket_dt
Command: "/home/zhangxinyi/learn-CS/network/cs144/sponge/build/doctests/socket_dt"
Directory: /home/zhangxinyi/learn-CS/network/cs144/sponge/build
"t_socket_dt" start time: Apr 12 18:31 CST
Output:
----------------------------------------------------------
<end of output>
Test time =   0.00 sec
----------------------------------------------------------
Test Passed.
"t_socket_dt" end time: Apr 12 18:31 CST
"t_socket_dt" time elapsed: 00:00:00
----------------------------------------------------------

End testing: Apr 12 18:31 CST
